<?xml version="1.0" encoding="UTF-8"?>
<testng-results skipped="0" failed="0" ignored="0" total="6" passed="6">
  <reporter-output>
  </reporter-output>
  <suite name="Command line suite" duration-ms="58" started-at="2021-04-11T15:00:33 IST" finished-at="2021-04-11T15:00:33 IST">
    <groups>
    </groups>
    <test name="Command line test" duration-ms="58" started-at="2021-04-11T15:00:33 IST" finished-at="2021-04-11T15:00:33 IST">
      <class name="qaclickacademy.AppiumTest">
        <test-method status="PASS" signature="IOSApps()[pri:0, instance:qaclickacademy.AppiumTest@709393]" name="IOSApps" duration-ms="6" started-at="2021-04-11T15:00:33 IST" finished-at="2021-04-11T15:00:33 IST">
          <reporter-output>
          </reporter-output>
        </test-method> <!-- IOSApps -->
        <test-method status="PASS" signature="NativeAppAndroid()[pri:0, instance:qaclickacademy.AppiumTest@709393]" name="NativeAppAndroid" duration-ms="0" started-at="2021-04-11T15:00:33 IST" finished-at="2021-04-11T15:00:33 IST">
          <reporter-output>
          </reporter-output>
        </test-method> <!-- NativeAppAndroid -->
      </class> <!-- qaclickacademy.AppiumTest -->
      <class name="qaclickacademy.RESTAPITest">
        <test-method status="PASS" signature="deleteTwitter()[pri:0, instance:qaclickacademy.RESTAPITest@137fd8f]" name="deleteTwitter" duration-ms="0" started-at="2021-04-11T15:00:33 IST" finished-at="2021-04-11T15:00:33 IST">
          <reporter-output>
          </reporter-output>
        </test-method> <!-- deleteTwitter -->
        <test-method status="PASS" signature="postJira()[pri:0, instance:qaclickacademy.RESTAPITest@137fd8f]" name="postJira" duration-ms="0" started-at="2021-04-11T15:00:33 IST" finished-at="2021-04-11T15:00:33 IST">
          <reporter-output>
          </reporter-output>
        </test-method> <!-- postJira -->
      </class> <!-- qaclickacademy.RESTAPITest -->
      <class name="qaclickacademy.SeleniumTest">
        <test-method status="PASS" signature="BrowserAutomation()[pri:0, instance:qaclickacademy.SeleniumTest@b6cbcc]" name="BrowserAutomation" duration-ms="0" started-at="2021-04-11T15:00:33 IST" finished-at="2021-04-11T15:00:33 IST">
          <reporter-output>
          </reporter-output>
        </test-method> <!-- BrowserAutomation -->
        <test-method status="PASS" signature="ElementsUI()[pri:0, instance:qaclickacademy.SeleniumTest@b6cbcc]" name="ElementsUI" duration-ms="0" started-at="2021-04-11T15:00:33 IST" finished-at="2021-04-11T15:00:33 IST">
          <reporter-output>
          </reporter-output>
        </test-method> <!-- ElementsUI -->
      </class> <!-- qaclickacademy.SeleniumTest -->
    </test> <!-- Command line test -->
  </suite> <!-- Command line suite -->
</testng-results>
