<?xml version="1.0" encoding="UTF-8"?>
<testng-results skipped="0" failed="0" ignored="1" total="2" passed="1">
  <reporter-output>
  </reporter-output>
  <suite name="Default suite" duration-ms="69" started-at="2021-04-12T17:00:04 IST" finished-at="2021-04-12T17:00:04 IST">
    <groups>
    </groups>
    <test name="Default test" duration-ms="69" started-at="2021-04-12T17:00:04 IST" finished-at="2021-04-12T17:00:04 IST">
      <class name="qaclickacademy.AppiumTest">
        <test-method status="PASS" signature="NativeAppAndroid()[pri:0, instance:qaclickacademy.AppiumTest@1af006c]" name="NativeAppAndroid" duration-ms="10" started-at="2021-04-12T17:00:04 IST" finished-at="2021-04-12T17:00:04 IST">
          <reporter-output>
          </reporter-output>
        </test-method> <!-- NativeAppAndroid -->
      </class> <!-- qaclickacademy.AppiumTest -->
    </test> <!-- Default test -->
  </suite> <!-- Default suite -->
</testng-results>
